<?xml version="1.0" encoding="UTF-8"?>
<testsuite name="com.devexercise.developer.Controller.PromotionControllerTest" tests="1" skipped="0" failures="0" errors="0" timestamp="2025-04-11T14:25:54.240Z" hostname="Lazars-MacBook-Pro.local" time="1.073">
  <properties/>
  <testcase name="testCreatePromotionInvalidInput_returnsBadRequest()" classname="com.devexercise.developer.Controller.PromotionControllerTest" time="1.073"/>
  <system-out><![CDATA[17:25:54.913 [Test worker] INFO org.hibernate.validator.internal.util.Version -- HV000001: Hibernate Validator 8.0.2.Final
17:25:55.193 [Test worker] INFO org.springframework.mock.web.MockServletContext -- Initializing Spring TestDispatcherServlet ''
17:25:55.193 [Test worker] INFO org.springframework.test.web.servlet.TestDispatcherServlet -- Initializing Servlet ''
17:25:55.195 [Test worker] INFO org.springframework.test.web.servlet.TestDispatcherServlet -- Completed initialization in 1 ms
17:25:55.309 [Test worker] WARN org.springframework.web.servlet.mvc.support.DefaultHandlerExceptionResolver -- Resolved [org.springframework.web.bind.MethodArgumentNotValidException: Validation failed for argument [0] in public org.springframework.http.ResponseEntity<com.devexercise.developer.Entity.Promotion> com.devexercise.developer.Controller.PromotionController.createPromotion(com.devexercise.developer.Entity.Promotion): [Field error in object 'promotion' on field 'productName': rejected value []; codes [NotBlank.promotion.productName,NotBlank.productName,NotBlank.java.lang.String,NotBlank]; arguments [org.springframework.context.support.DefaultMessageSourceResolvable: codes [promotion.productName,productName]; arguments []; default message [productName]]; default message [Promotion name must not be blank]] ]
]]></system-out>
  <system-err><![CDATA[Mockito is currently self-attaching to enable the inline-mock-maker. This will no longer work in future releases of the JDK. Please add Mockito as an agent to your build what is described in Mockito's documentation: https://javadoc.io/doc/org.mockito/mockito-core/latest/org/mockito/Mockito.html#0.3
WARNING: A Java agent has been loaded dynamically (/Users/lazaravramov/.gradle/caches/modules-2/files-2.1/net.bytebuddy/byte-buddy-agent/1.15.11/a38b16385e867f59a641330f0362ebe742788ed8/byte-buddy-agent-1.15.11.jar)
WARNING: If a serviceability tool is in use, please run with -XX:+EnableDynamicAgentLoading to hide this warning
WARNING: If a serviceability tool is not in use, please run with -Djdk.instrument.traceUsage for more information
WARNING: Dynamic loading of agents will be disallowed by default in a future release
]]></system-err>
</testsuite>
